0 info it worked if it ends with ok
1 verbose cli [ '/usr/local/bin/node', '/usr/local/bin/npm', 'start' ]
2 info using npm@3.10.10
3 info using node@v6.10.2
4 verbose run-script [ 'prestart', 'start', 'poststart' ]
5 info lifecycle angular2-quickstart@1.0.0~prestart: angular2-quickstart@1.0.0
6 silly lifecycle angular2-quickstart@1.0.0~prestart: no script for prestart, continuing
7 info lifecycle angular2-quickstart@1.0.0~start: angular2-quickstart@1.0.0
8 verbose lifecycle angular2-quickstart@1.0.0~start: unsafe-perm in lifecycle true
9 verbose lifecycle angular2-quickstart@1.0.0~start: PATH: /usr/local/lib/node_modules/npm/bin/node-gyp-bin:/Users/shyamalupadhyaya/Downloads/auth0-angularjs2-systemjs-sample-master/10-Customizing-Lock/node_modules/.bin:/Library/Frameworks/Python.framework/Versions/3.6/bin:~/Library/Python/3.6/bin:/Users/shyamalupadhyaya/.local/bin:/Users/shyamalupadhyaya/.fabric8/bin:/Users/shyamalupadhyaya/.sdkman/candidates/groovy/current/bin:/Library/Frameworks/Python.framework/Versions/3.5/bin:/Applications/Cocos/Cocos2d-x/cocos2d-x-3.14.1/templates:/Users/shyamalupadhyaya/Dev/apache-ant-1.9.7/bin:/Users/shyamalupadhyaya/Dev/kafka_2.10-0.10.0.1/bin:/Applications/Cocos/Cocos2d-x:/Applications/Cocos/Cocos2d-x/cocos2d-x-3.14.1/tools/cocos2d-console/bin:/Library/Frameworks/Python.framework/Versions/3.5/bin:/Users/shyamalupadhyaya/Dev/apache-maven-3.3.9/bin:/Users/shyamalupadhyaya/Dev/jboss-eap-6.4/bin:/Users/shyamalupadhyaya/Dev/gradle-3.1/bin:/Users/shyamalupadhyaya/Dev/grails-2.2.2/bin:/Users/shyamalupadhyaya/Dev/scala-2.12.1/bin:/Users/shyamalupadhyaya/Dev/gatling-2.2.3/bin:/bin:/Users/shyamalupadhyaya/Dev/elasticsearch-2.4.4/bin:/Users/shyamalupadhyaya/Library/Android/sdk/platform-tools:/Users/shyamalupadhyaya/Library/Android/sdk/tools:/usr/local/bin:/usr/bin:/bin:/usr/sbin:/sbin:/opt/X11/bin
10 verbose lifecycle angular2-quickstart@1.0.0~start: CWD: /Users/shyamalupadhyaya/Downloads/auth0-angularjs2-systemjs-sample-master/10-Customizing-Lock
11 silly lifecycle angular2-quickstart@1.0.0~start: Args: [ '-c', 'tsc && concurrently "tsc -w" "lite-server" ' ]
12 silly lifecycle angular2-quickstart@1.0.0~start: Returned: code: 2  signal: null
13 info lifecycle angular2-quickstart@1.0.0~start: Failed to exec start script
14 verbose stack Error: angular2-quickstart@1.0.0 start: `tsc && concurrently "tsc -w" "lite-server" `
14 verbose stack Exit status 2
14 verbose stack     at EventEmitter.<anonymous> (/usr/local/lib/node_modules/npm/lib/utils/lifecycle.js:255:16)
14 verbose stack     at emitTwo (events.js:106:13)
14 verbose stack     at EventEmitter.emit (events.js:191:7)
14 verbose stack     at ChildProcess.<anonymous> (/usr/local/lib/node_modules/npm/lib/utils/spawn.js:40:14)
14 verbose stack     at emitTwo (events.js:106:13)
14 verbose stack     at ChildProcess.emit (events.js:191:7)
14 verbose stack     at maybeClose (internal/child_process.js:886:16)
14 verbose stack     at Process.ChildProcess._handle.onexit (internal/child_process.js:226:5)
15 verbose pkgid angular2-quickstart@1.0.0
16 verbose cwd /Users/shyamalupadhyaya/Downloads/auth0-angularjs2-systemjs-sample-master/10-Customizing-Lock
17 error Darwin 16.5.0
18 error argv "/usr/local/bin/node" "/usr/local/bin/npm" "start"
19 error node v6.10.2
20 error npm  v3.10.10
21 error code ELIFECYCLE
22 error angular2-quickstart@1.0.0 start: `tsc && concurrently "tsc -w" "lite-server" `
22 error Exit status 2
23 error Failed at the angular2-quickstart@1.0.0 start script 'tsc && concurrently "tsc -w" "lite-server" '.
23 error Make sure you have the latest version of node.js and npm installed.
23 error If you do, this is most likely a problem with the angular2-quickstart package,
23 error not with npm itself.
23 error Tell the author that this fails on your system:
23 error     tsc && concurrently "tsc -w" "lite-server"
23 error You can get information on how to open an issue for this project with:
23 error     npm bugs angular2-quickstart
23 error Or if that isn't available, you can get their info via:
23 error     npm owner ls angular2-quickstart
23 error There is likely additional logging output above.
24 verbose exit [ 1, true ]
